<?xml version="1.0" encoding="UTF-8"?>
<!-- Generated by org.testng.reporters.JUnitXMLReporter -->
<testsuite ignored="1" hostname="Ant-KuldeepSingh-ATR1063" failures="0" tests="2" name="Add and verify website" time="68.679" errors="0" timestamp="2024-10-01T10:00:39 IST">
  <testcase classname="tests.AddAndVerifyWebsiteTest" name="toCreateAndAddWebsite" time="39.269"/>
  <testcase classname="tests.AddAndVerifyWebsiteTest" name="toVerifyWebsite" time="24.947"/>
  <testcase classname="tests.AddAndVerifyWebsiteTest" name="toVerifySiteNicknameOnMyWebsites" time="0.0">
    <ignored/>
  </testcase> <!-- toVerifySiteNicknameOnMyWebsites -->
</testsuite> <!-- Add and verify website -->
