<?xml version="1.0" encoding="UTF-8"?>
<!-- Generated by org.testng.reporters.JUnitXMLReporter -->
<testsuite ignored="0" hostname="Ant-KuldeepSingh-ATR1063" failures="0" tests="3" name="Change account password" time="57.226" errors="0" timestamp="2024-10-01T10:07:05 IST">
  <testcase classname="tests.ChangePasswordTest" name="toVerifySetNewPassword" time="23.851"/>
  <testcase classname="tests.ChangePasswordTest" name="toVerifyLoginUsingOldPassword" time="16.223"/>
  <testcase classname="tests.ChangePasswordTest" name="toVerifyNewPassword" time="11.381"/>
</testsuite> <!-- Change account password -->
