<?xml version="1.0" encoding="UTF-8"?>
<!-- Generated by org.testng.reporters.JUnitXMLReporter -->
<testsuite ignored="0" hostname="Ant-KuldeepSingh-ATR1063" failures="1" tests="6" name="Hydro plus table data" time="62.933" errors="0" timestamp="2024-09-26T15:12:55 IST">
  <testcase classname="tests.HydroPlusTableDataTest" name="verifyTableDataInAllTime" time="6.036">
    <failure type="java.lang.AssertionError" message="The following asserts failed:
	Sui rewards shown incorrect expected [0.18575591] but found [0.0]">
      <![CDATA[java.lang.AssertionError: The following asserts failed:
Sui rewards shown incorrect expected [0.18575591] but found [0.0]
at tests.HydroPlusTableDataTest.verifyTableDataInAllTime(HydroPlusTableDataTest.java:192)
at java.base/java.util.ArrayList.forEach(ArrayList.java:1511)
... Removed 29 stack frames]]>
    </failure>
  </testcase> <!-- verifyTableDataInAllTime -->
  <testcase classname="tests.HydroPlusTableDataTest" name="verifyTableDataInLastWeek" time="5.877"/>
  <testcase classname="tests.HydroPlusTableDataTest" name="verifyTableDataInWeekSoFar" time="5.739"/>
  <testcase classname="tests.HydroPlusTableDataTest" name="verifyTableDeltaPercentage" time="4.505"/>
  <testcase classname="tests.HydroPlusTableDataTest" name="verifyTableLastWeekComparisonDataOnUI" time="5.769"/>
  <testcase classname="tests.HydroPlusTableDataTest" name="verifyTotalNodesAndSuiStaked" time="0.63"/>
</testsuite> <!-- Hydro plus table data -->
