<?xml version="1.0" encoding="UTF-8"?>
<!-- Generated by org.testng.reporters.JUnitXMLReporter -->
<testsuite ignored="0" hostname="Ant-KuldeepSingh-ATR1063" failures="2" tests="4" name="Nodes data" time="133.149" errors="0" timestamp="2024-09-26T15:15:08 IST">
  <testcase classname="tests.ManageNodesAmountsAndRewardsTest" name="verifyHydroAmountForNodes" time="15.117"/>
  <testcase classname="tests.ManageNodesAmountsAndRewardsTest" name="verifySuiAmountForNodes" time="11.228"/>
  <testcase classname="tests.ManageNodesAmountsAndRewardsTest" name="verifySuiRewardsDollarValueForNodes" time="52.599">
    <failure type="java.lang.AssertionError" message="The following asserts failed:
	Total rewards($) doesn&amp;apos;t match for node: Beru Whitesun lars white expected [0.314899] but found [0.043097]">
      <![CDATA[java.lang.AssertionError: The following asserts failed:
Total rewards($) doesn't match for node: Beru Whitesun lars white expected [0.314899] but found [0.043097]
at tests.ManageNodesAmountsAndRewardsTest.verifySuiRewardsDollarValueForNodes(ManageNodesAmountsAndRewardsTest.java:118)
at java.base/java.util.ArrayList.forEach(ArrayList.java:1511)
... Removed 29 stack frames]]>
    </failure>
  </testcase> <!-- verifySuiRewardsDollarValueForNodes -->
  <testcase classname="tests.ManageNodesAmountsAndRewardsTest" name="verifySuiRewardsForNodes" time="18.67">
    <failure type="java.lang.AssertionError" message="The following asserts failed:
	Rewards(Sui) doesn&amp;apos;t match for node: Beru Whitesun lars white expected [0.185755] but found [0.025422]">
      <![CDATA[java.lang.AssertionError: The following asserts failed:
Rewards(Sui) doesn't match for node: Beru Whitesun lars white expected [0.185755] but found [0.025422]
at tests.ManageNodesAmountsAndRewardsTest.verifySuiRewardsForNodes(ManageNodesAmountsAndRewardsTest.java:94)
at java.base/java.util.ArrayList.forEach(ArrayList.java:1511)
... Removed 29 stack frames]]>
    </failure>
  </testcase> <!-- verifySuiRewardsForNodes -->
</testsuite> <!-- Nodes data -->
