<?xml version="1.0" encoding="UTF-8"?>
<!-- Generated by org.testng.reporters.JUnitXMLReporter -->
<testsuite ignored="0" hostname="Ant-KuldeepSingh-ATR1063" failures="1" tests="3" name="User onboarding" time="43.799" errors="0" timestamp="2024-10-01T09:59:05 IST">
  <testcase classname="tests.UserOnboardingTest" name="toVerifySignUpUsingEmail" time="39.444">
    <failure type="org.postgresql.util.PSQLException" message="The connection attempt failed.">
      <![CDATA[org.postgresql.util.PSQLException: The connection attempt failed.
at org.postgresql.core.v3.ConnectionFactoryImpl.openConnectionImpl(ConnectionFactoryImpl.java:358)
at org.postgresql.core.ConnectionFactory.openConnection(ConnectionFactory.java:54)
at org.postgresql.jdbc.PgConnection.<init>(PgConnection.java:273)
at org.postgresql.Driver.makeConnection(Driver.java:446)
at org.postgresql.Driver.connect(Driver.java:298)
at java.sql/java.sql.DriverManager.getConnection(DriverManager.java:681)
at java.sql/java.sql.DriverManager.getConnection(DriverManager.java:229)
at testUtility.BaseTest.getInstanceHydroUserServiceDB(BaseTest.java:358)
at tests.UserOnboardingTest.toVerifySignUpUsingEmail(UserOnboardingTest.java:40)
at java.base/java.util.ArrayList.forEach(ArrayList.java:1511)
Caused by: java.net.SocketTimeoutException: Connect timed out
at java.base/sun.nio.ch.NioSocketImpl.timedFinishConnect(NioSocketImpl.java:551)
at java.base/sun.nio.ch.NioSocketImpl.connect(NioSocketImpl.java:602)
at java.base/java.net.SocksSocketImpl.connect(SocksSocketImpl.java:327)
at java.base/java.net.Socket.connect(Socket.java:633)
at org.postgresql.core.PGStream.createSocket(PGStream.java:243)
at org.postgresql.core.PGStream.<init>(PGStream.java:98)
at org.postgresql.core.v3.ConnectionFactoryImpl.tryConnect(ConnectionFactoryImpl.java:136)
at org.postgresql.core.v3.ConnectionFactoryImpl.openConnectionImpl(ConnectionFactoryImpl.java:262)
... 36 more
... Removed 27 stack frames]]>
    </failure>
  </testcase> <!-- toVerifySignUpUsingEmail -->
  <testcase classname="tests.UserOnboardingTest" name="toVerifyAddWebsite" time="0.0">
    <skipped/>
  </testcase> <!-- toVerifyAddWebsite -->
  <testcase classname="tests.UserOnboardingTest" name="toVerifyCreateHydroWallet" time="0.0">
    <skipped/>
  </testcase> <!-- toVerifyCreateHydroWallet -->
</testsuite> <!-- User onboarding -->
