<?xml version="1.0" encoding="UTF-8"?>
<!-- Generated by org.testng.reporters.JUnitXMLReporter -->
<testsuite ignored="0" hostname="Ant-KuldeepSingh-ATR1063" failures="1" tests="11" name="Verify wallet balances and Reset password" time="56.29" errors="0" timestamp="2024-10-01T10:44:09 IST">
  <testcase classname="tests.WalletBalancesAndResetWalletPassword" name="toVerifyResetWalletPassword" time="27.936"/>
  <testcase classname="tests.WalletBalancesAndResetWalletPassword" name="toVerifyUnlockWalletUsingNewPassword" time="10.253"/>
  <testcase classname="tests.WalletBalancesAndResetWalletPassword" name="getWalletAmounts" time="12.764"/>
  <testcase classname="tests.WalletBalancesAndResetWalletPassword" name="verifyAvailableBalance" time="0.0"/>
  <testcase classname="tests.WalletBalancesAndResetWalletPassword" name="verifyDollarValuesForTheCryptoAssets" time="0.005">
    <failure type="java.lang.AssertionError" message="The following asserts failed:
	Total Eth dollar value doesn&amp;apos;t match expected [370.07000732421875] but found [372.81]">
      <![CDATA[java.lang.AssertionError: The following asserts failed:
Total Eth dollar value doesn't match expected [370.07000732421875] but found [372.81]
at tests.WalletBalancesAndResetWalletPassword.verifyDollarValuesForTheCryptoAssets(WalletBalancesAndResetWalletPassword.java:144)
at java.base/java.util.ArrayList.forEach(ArrayList.java:1511)
... Removed 29 stack frames]]>
    </failure>
  </testcase> <!-- verifyDollarValuesForTheCryptoAssets -->
  <testcase classname="tests.WalletBalancesAndResetWalletPassword" name="verifyHydroTotalAmount" time="0.0"/>
  <testcase classname="tests.WalletBalancesAndResetWalletPassword" name="verifyHydroTotalDollarAmount" time="0.002"/>
  <testcase classname="tests.WalletBalancesAndResetWalletPassword" name="verifyLockedBalance" time="0.002"/>
  <testcase classname="tests.WalletBalancesAndResetWalletPassword" name="verifySuiTotalAmount" time="0.001"/>
  <testcase classname="tests.WalletBalancesAndResetWalletPassword" name="verifySuiTotalDollarAmount" time="0.001"/>
  <testcase classname="tests.WalletBalancesAndResetWalletPassword" name="verifyWalletBalance" time="0.0"/>
</testsuite> <!-- Verify wallet balances and Reset password -->
